Start testing: Jul 26 23:37 AEST
----------------------------------------------------------
1/2 Testing: test.graph_test1
1/2 Test: test.graph_test1
Command: "/home/comp9313/Documents/comp6771/ass3/build/test/graph/graph_test1"
Directory: /home/comp9313/Documents/comp6771/ass3/build/test/graph
"test.graph_test1" start time: Jul 26 23:37 AEST
Output:
----------------------------------------------------------
===============================================================================
All tests passed (2 assertions in 2 test cases)

<end of output>
Test time =   0.00 sec
----------------------------------------------------------
Test Passed.
"test.graph_test1" end time: Jul 26 23:37 AEST
"test.graph_test1" time elapsed: 00:00:00
----------------------------------------------------------

2/2 Testing: test.graph_test2
2/2 Test: test.graph_test2
Command: "/home/comp9313/Documents/comp6771/ass3/build/test/graph/graph_test2"
Directory: /home/comp9313/Documents/comp6771/ass3/build/test/graph
"test.graph_test2" start time: Jul 26 23:37 AEST
Output:
----------------------------------------------------------
0(
 1 | 5
 1 | 8
 2 | 2
)
1(
 0 | 1
 2 | 4
)
2(
 1 | 3
)
3(
)
===============================================================================
All tests passed (1 assertion in 1 test case)

<end of output>
Test time =   0.01 sec
----------------------------------------------------------
Test Passed.
"test.graph_test2" end time: Jul 26 23:37 AEST
"test.graph_test2" time elapsed: 00:00:00
----------------------------------------------------------

End testing: Jul 26 23:37 AEST
