Start testing: Jul 28 01:25 AEST
----------------------------------------------------------
3/3 Testing: test.graph_test3
3/3 Test: test.graph_test3
Command: "/home/comp9313/Documents/comp6771/ass3/build/test/graph/graph_test3"
Directory: /home/comp9313/Documents/comp6771/ass3/build/test/graph
"test.graph_test3" start time: Jul 28 01:25 AEST
Output:
----------------------------------------------------------
===============================================================================
All tests passed (22 assertions in 7 test cases)

<end of output>
Test time =   0.01 sec
----------------------------------------------------------
Test Passed.
"test.graph_test3" end time: Jul 28 01:25 AEST
"test.graph_test3" time elapsed: 00:00:00
----------------------------------------------------------

2/3 Testing: test.graph_test2
2/3 Test: test.graph_test2
Command: "/home/comp9313/Documents/comp6771/ass3/build/test/graph/graph_test2"
Directory: /home/comp9313/Documents/comp6771/ass3/build/test/graph
"test.graph_test2" start time: Jul 28 01:25 AEST
Output:
----------------------------------------------------------
===============================================================================
All tests passed (40 assertions in 12 test cases)

<end of output>
Test time =   0.02 sec
----------------------------------------------------------
Test Passed.
"test.graph_test2" end time: Jul 28 01:25 AEST
"test.graph_test2" time elapsed: 00:00:00
----------------------------------------------------------

1/3 Testing: test.graph_test1
1/3 Test: test.graph_test1
Command: "/home/comp9313/Documents/comp6771/ass3/build/test/graph/graph_test1"
Directory: /home/comp9313/Documents/comp6771/ass3/build/test/graph
"test.graph_test1" start time: Jul 28 01:25 AEST
Output:
----------------------------------------------------------
===============================================================================
All tests passed (25 assertions in 7 test cases)

<end of output>
Test time =   0.01 sec
----------------------------------------------------------
Test Passed.
"test.graph_test1" end time: Jul 28 01:25 AEST
"test.graph_test1" time elapsed: 00:00:00
----------------------------------------------------------

End testing: Jul 28 01:25 AEST
